# JRE version: OpenJDK Runtime Environment (8.0_242-b01) (build 1.8.0_242-release-1644-b01)
# Java VM: OpenJDK 64-Bit Server VM (25.242-b01 mixed mode windows-amd64 compressed oops)
Heap:
 PSYoungGen      total 476672K, used 393270K [0x00000000d5580000, 0x00000000f5300000, 0x0000000100000000)
  eden space 431616K, 85% used [0x00000000d5580000,0x00000000ebe7b1f8,0x00000000efb00000)
  from space 45056K, 52% used [0x00000000efb00000,0x00000000f1212858,0x00000000f2700000)
  to   space 37376K, 0% used [0x00000000f2e80000,0x00000000f2e80000,0x00000000f5300000)
 ParOldGen       total 194048K, used 63754K [0x0000000080000000, 0x000000008bd80000, 0x00000000d5580000)
  object space 194048K, 32% used [0x0000000080000000,0x0000000083e428b0,0x000000008bd80000)
 Metaspace       used 104867K, capacity 110520K, committed 110744K, reserved 1144832K
  class space    used 13790K, capacity 14900K, committed 15016K, reserved 1048576K
GC Heap History (10 events):
Event: 18.153 GC heap before
{Heap before GC invocations=15 (full 3):
 PSYoungGen      total 320000K, used 317060K [0x00000000d5580000, 0x00000000ee800000, 0x0000000100000000)
  eden space 296960K, 100% used [0x00000000d5580000,0x00000000e7780000,0x00000000e7780000)
  from space 23040K, 87% used [0x00000000e7780000,0x00000000e8b211c0,0x00000000e8e00000)
  to   space 25600K, 0% used [0x00000000ecf00000,0x00000000ecf00000,0x00000000ee800000)
 ParOldGen       total 122368K, used 36288K [0x0000000080000000, 0x0000000087780000, 0x00000000d5580000)
  object space 122368K, 29% used [0x0000000080000000,0x0000000082370018,0x0000000087780000)
 Metaspace       used 76042K, capacity 79924K, committed 80152K, reserved 1118208K
  class space    used 10500K, capacity 11217K, committed 11304K, reserved 1048576K
Event: 18.644 GC heap after
Heap after GC invocations=15 (full 3):
 PSYoungGen      total 363520K, used 25582K [0x00000000d5580000, 0x00000000f3580000, 0x0000000100000000)
  eden space 337920K, 0% used [0x00000000d5580000,0x00000000d5580000,0x00000000e9f80000)
  from space 25600K, 99% used [0x00000000ecf00000,0x00000000ee7fb838,0x00000000ee800000)
  to   space 48640K, 0% used [0x00000000e9f80000,0x00000000e9f80000,0x00000000ecf00000)
 ParOldGen       total 122368K, used 88000K [0x0000000080000000, 0x0000000087780000, 0x00000000d5580000)
  object space 122368K, 71% used [0x0000000080000000,0x00000000855f0328,0x0000000087780000)
 Metaspace       used 76042K, capacity 79924K, committed 80152K, reserved 1118208K
  class space    used 10500K, capacity 11217K, committed 11304K, reserved 1048576K
}
Event: 29.207 GC heap before
{Heap before GC invocations=16 (full 3):
 PSYoungGen      total 363520K, used 363502K [0x00000000d5580000, 0x00000000f3580000, 0x0000000100000000)
  eden space 337920K, 100% used [0x00000000d5580000,0x00000000e9f80000,0x00000000e9f80000)
  from space 25600K, 99% used [0x00000000ecf00000,0x00000000ee7fb838,0x00000000ee800000)
  to   space 48640K, 0% used [0x00000000e9f80000,0x00000000e9f80000,0x00000000ecf00000)
 ParOldGen       total 122368K, used 88000K [0x0000000080000000, 0x0000000087780000, 0x00000000d5580000)
  object space 122368K, 71% used [0x0000000080000000,0x00000000855f0328,0x0000000087780000)
 Metaspace       used 87736K, capacity 92598K, committed 92696K, reserved 1128448K
  class space    used 11929K, capacity 12829K, committed 12840K, reserved 1048576K
Event: 29.285 GC heap after
Heap after GC invocations=16 (full 3):
 PSYoungGen      total 386560K, used 23820K [0x00000000d5580000, 0x00000000f5d00000, 0x0000000100000000)
  eden space 337920K, 0% used [0x00000000d5580000,0x00000000d5580000,0x00000000e9f80000)
  from space 48640K, 48% used [0x00000000e9f80000,0x00000000eb6c3318,0x00000000ecf00000)
  to   space 47616K, 0% used [0x00000000f2e80000,0x00000000f2e80000,0x00000000f5d00000)
 ParOldGen       total 122368K, used 111252K [0x0000000080000000, 0x0000000087780000, 0x00000000d5580000)
  object space 122368K, 90% used [0x0000000080000000,0x0000000086ca5048,0x0000000087780000)
 Metaspace       used 87736K, capacity 92598K, committed 92696K, reserved 1128448K
  class space    used 11929K, capacity 12829K, committed 12840K, reserved 1048576K
}
Event: 29.285 GC heap before
{Heap before GC invocations=17 (full 4):
 PSYoungGen      total 386560K, used 23820K [0x00000000d5580000, 0x00000000f5d00000, 0x0000000100000000)
  eden space 337920K, 0% used [0x00000000d5580000,0x00000000d5580000,0x00000000e9f80000)
  from space 48640K, 48% used [0x00000000e9f80000,0x00000000eb6c3318,0x00000000ecf00000)
  to   space 47616K, 0% used [0x00000000f2e80000,0x00000000f2e80000,0x00000000f5d00000)
 ParOldGen       total 122368K, used 111252K [0x0000000080000000, 0x0000000087780000, 0x00000000d5580000)
  object space 122368K, 90% used [0x0000000080000000,0x0000000086ca5048,0x0000000087780000)
 Metaspace       used 87736K, capacity 92598K, committed 92696K, reserved 1128448K
  class space    used 11929K, capacity 12829K, committed 12840K, reserved 1048576K
Event: 29.564 GC heap after
Heap after GC invocations=17 (full 4):
 PSYoungGen      total 386560K, used 0K [0x00000000d5580000, 0x00000000f5d00000, 0x0000000100000000)
  eden space 337920K, 0% used [0x00000000d5580000,0x00000000d5580000,0x00000000e9f80000)
  from space 48640K, 0% used [0x00000000e9f80000,0x00000000e9f80000,0x00000000ecf00000)
  to   space 47616K, 0% used [0x00000000f2e80000,0x00000000f2e80000,0x00000000f5d00000)
 ParOldGen       total 194048K, used 63738K [0x0000000080000000, 0x000000008bd80000, 0x00000000d5580000)
  object space 194048K, 32% used [0x0000000080000000,0x0000000083e3e8b0,0x000000008bd80000)
 Metaspace       used 87280K, capacity 91344K, committed 92696K, reserved 1128448K
  class space    used 11776K, capacity 12558K, committed 12840K, reserved 1048576K
}
Event: 687.429 GC heap before
{Heap before GC invocations=18 (full 4):
 PSYoungGen      total 386560K, used 337920K [0x00000000d5580000, 0x00000000f5d00000, 0x0000000100000000)
  eden space 337920K, 100% used [0x00000000d5580000,0x00000000e9f80000,0x00000000e9f80000)
  from space 48640K, 0% used [0x00000000e9f80000,0x00000000e9f80000,0x00000000ecf00000)
  to   space 47616K, 0% used [0x00000000f2e80000,0x00000000f2e80000,0x00000000f5d00000)
 ParOldGen       total 194048K, used 63738K [0x0000000080000000, 0x000000008bd80000, 0x00000000d5580000)
  object space 194048K, 32% used [0x0000000080000000,0x0000000083e3e8b0,0x000000008bd80000)
 Metaspace       used 93888K, capacity 98488K, committed 98968K, reserved 1134592K
  class space    used 12417K, capacity 13248K, committed 13480K, reserved 1048576K
Event: 687.506 GC heap after
Heap after GC invocations=18 (full 4):
 PSYoungGen      total 468992K, used 16648K [0x00000000d5580000, 0x00000000f5300000, 0x0000000100000000)
  eden space 431616K, 0% used [0x00000000d5580000,0x00000000d5580000,0x00000000efb00000)
  from space 37376K, 44% used [0x00000000f2e80000,0x00000000f3ec2190,0x00000000f5300000)
  to   space 45056K, 0% used [0x00000000efb00000,0x00000000efb00000,0x00000000f2700000)
 ParOldGen       total 194048K, used 63746K [0x0000000080000000, 0x000000008bd80000, 0x00000000d5580000)
  object space 194048K, 32% used [0x0000000080000000,0x0000000083e408b0,0x000000008bd80000)
 Metaspace       used 93888K, capacity 98488K, committed 98968K, reserved 1134592K
  class space    used 12417K, capacity 13248K, committed 13480K, reserved 1048576K
}
Event: 1389.428 GC heap before
{Heap before GC invocations=19 (full 4):
 PSYoungGen      total 468992K, used 448264K [0x00000000d5580000, 0x00000000f5300000, 0x0000000100000000)
  eden space 431616K, 100% used [0x00000000d5580000,0x00000000efb00000,0x00000000efb00000)
  from space 37376K, 44% used [0x00000000f2e80000,0x00000000f3ec2190,0x00000000f5300000)
  to   space 45056K, 0% used [0x00000000efb00000,0x00000000efb00000,0x00000000f2700000)
 ParOldGen       total 194048K, used 63746K [0x0000000080000000, 0x000000008bd80000, 0x00000000d5580000)
  object space 194048K, 32% used [0x0000000080000000,0x0000000083e408b0,0x000000008bd80000)
 Metaspace       used 103560K, capacity 109032K, committed 109080K, reserved 1142784K
  class space    used 13724K, capacity 14844K, committed 14888K, reserved 1048576K
Event: 1389.457 GC heap after
Heap after GC invocations=19 (full 4):
 PSYoungGen      total 476672K, used 23626K [0x00000000d5580000, 0x00000000f5300000, 0x0000000100000000)
  eden space 431616K, 0% used [0x00000000d5580000,0x00000000d5580000,0x00000000efb00000)
  from space 45056K, 52% used [0x00000000efb00000,0x00000000f1212858,0x00000000f2700000)
  to   space 37376K, 0% used [0x00000000f2e80000,0x00000000f2e80000,0x00000000f5300000)
 ParOldGen       total 194048K, used 63754K [0x0000000080000000, 0x000000008bd80000, 0x00000000d5580000)
  object space 194048K, 32% used [0x0000000080000000,0x0000000083e428b0,0x000000008bd80000)
 Metaspace       used 103560K, capacity 109032K, committed 109080K, reserved 1142784K
  class space    used 13724K, capacity 14844K, committed 14888K, reserved 1048576K
}

